<?xml version="1.0" encoding="UTF-8"?>
<!-- Generated by org.testng.reporters.JUnitReportReporter -->
<testsuite hostname="Marjans-MBP.attlocal.net" failures="0" tests="1" name="com.project.automation.deleteUser" time="1.651" errors="0" timestamp="2020-08-27T21:43:35 EDT" skipped="0">
  <testcase classname="com.project.automation.deleteUser" name="delete" time="1.651"/>
  <system-out/>
</testsuite> <!-- com.project.automation.deleteUser -->
