<?xml version="1.0" encoding="UTF-8"?>
<!-- Generated by org.testng.reporters.JUnitReportReporter -->
<testsuite hostname="Marjans-MBP.attlocal.net" failures="0" tests="1" name="com.project.automation.updateUser" time="1.894" errors="0" timestamp="2020-08-27T21:20:58 EDT" skipped="0">
  <testcase classname="com.project.automation.updateUser" name="update1" time="1.894"/>
  <system-out/>
</testsuite> <!-- com.project.automation.updateUser -->
