<?xml version="1.0" encoding="UTF-8"?>
<!-- Generated by org.testng.reporters.JUnitReportReporter -->
<testsuite hostname="Marjans-MacBook-Pro.local" failures="0" tests="1" name="com.project.automation.testGetUsers" time="1.999" errors="0" timestamp="2020-08-27T20:40:06 EDT" skipped="0">
  <testcase classname="com.project.automation.testGetUsers" name="test1Get" time="1.999"/>
  <system-out/>
</testsuite> <!-- com.project.automation.testGetUsers -->
