<?xml version="1.0" encoding="UTF-8"?>
<!-- Generated by org.testng.reporters.JUnitReportReporter -->
<testsuite hostname="Marjans-MBP.attlocal.net" failures="0" tests="1" name="com.project.automation.putUser" time="2.073" errors="0" timestamp="2020-09-14T21:27:55 EDT" skipped="0">
  <testcase classname="com.project.automation.putUser" name="update1" time="2.073"/>
  <system-out/>
</testsuite> <!-- com.project.automation.putUser -->
