<?xml version="1.0" encoding="UTF-8"?>
<!-- Generated by org.testng.reporters.JUnitReportReporter -->
<testsuite hostname="Marjans-MBP.attlocal.net" failures="0" tests="1" name="com.project.automation.putUser" time="1.772" errors="0" timestamp="2020-08-27T22:15:38 EDT" skipped="0">
  <testcase classname="com.project.automation.putUser" name="update1" time="1.772"/>
  <system-out/>
</testsuite> <!-- com.project.automation.putUser -->
