<?xml version="1.0" encoding="UTF-8"?>
<!-- Generated by org.testng.reporters.JUnitReportReporter -->
<testsuite hostname="Marjans-MBP.attlocal.net" failures="0" tests="1" name="com.project.automation.creatUser" time="1.757" errors="0" timestamp="2020-08-27T21:42:02 EDT" skipped="0">
  <testcase classname="com.project.automation.creatUser" name="creat" time="1.757"/>
  <system-out/>
</testsuite> <!-- com.project.automation.creatUser -->
